2011-09-21 18:30:35,093 - openkimtests.Test.FCCLattice - DEBUG - Recieved a calculator access call
2011-09-21 18:30:35,094 - openkimtests.potential - DEBUG - Recieved a potential.load call
2011-09-21 18:30:35,094 - openkimtests.potential - DEBUG - potentialname: model_Ar_P_MLJ_C found
2011-09-21 18:30:35,094 - openkimtests.potential - DEBUG - element 'Ar' found
2011-09-21 18:30:35,126 - openkimtests.Test.FCCLattice - DEBUG - Recieved a calculator access call
2011-09-21 18:30:35,127 - openkimtests.potential - DEBUG - Recieved a potential.load call
2011-09-21 18:30:35,128 - openkimtests.potential - DEBUG - potentialname: model_Ar_P_MLJ_C found
2011-09-21 18:30:35,128 - openkimtests.potential - DEBUG - element 'Ar' found
2011-09-21 18:30:35,158 - openkimtests.Test.FCCLattice - DEBUG - Recieved a calculator access call
2011-09-21 18:30:35,158 - openkimtests.potential - DEBUG - Recieved a potential.load call
2011-09-21 18:30:35,158 - openkimtests.potential - DEBUG - potentialname: model_Ar_P_MLJ_C found
2011-09-21 18:30:35,158 - openkimtests.potential - DEBUG - element 'Ar' found
2011-09-21 18:30:35,205 - openkimtests.Test.FCCLattice - DEBUG - Recieved a calculator access call
2011-09-21 18:30:35,206 - openkimtests.potential - DEBUG - Recieved a potential.load call
2011-09-21 18:30:35,206 - openkimtests.potential - DEBUG - potentialname: model_Ar_P_MLJ_C found
2011-09-21 18:30:35,207 - openkimtests.potential - DEBUG - element 'Ar' found
2011-09-21 18:30:35,244 - openkimtests.Test.FCCLattice - DEBUG - Recieved a calculator access call
2011-09-21 18:30:35,244 - openkimtests.potential - DEBUG - Recieved a potential.load call
2011-09-21 18:30:35,244 - openkimtests.potential - DEBUG - potentialname: model_Ar_P_MLJ_C found
2011-09-21 18:30:35,244 - openkimtests.potential - DEBUG - element 'Ar' found
2011-09-21 18:30:35,262 - openkimtests.Test.FCCLattice - DEBUG - Recieved a calculator access call
2011-09-21 18:30:35,263 - openkimtests.potential - DEBUG - Recieved a potential.load call
2011-09-21 18:30:35,264 - openkimtests.potential - DEBUG - potentialname: model_Ar_P_MLJ_C found
2011-09-21 18:30:35,264 - openkimtests.potential - DEBUG - element 'Ar' found
2011-09-21 18:30:35,296 - openkimtests.Test.FCCLattice - DEBUG - Recieved a calculator access call
2011-09-21 18:30:35,296 - openkimtests.potential - DEBUG - Recieved a potential.load call
2011-09-21 18:30:35,296 - openkimtests.potential - DEBUG - potentialname: model_Ar_P_MLJ_C found
2011-09-21 18:30:35,296 - openkimtests.potential - DEBUG - element 'Ar' found
2011-09-21 18:30:35,336 - openkimtests.Test.FCCLattice - DEBUG - Recieved a calculator access call
2011-09-21 18:30:35,337 - openkimtests.potential - DEBUG - Recieved a potential.load call
2011-09-21 18:30:35,337 - openkimtests.potential - DEBUG - potentialname: model_Ar_P_MLJ_C found
2011-09-21 18:30:35,338 - openkimtests.potential - DEBUG - element 'Ar' found
2011-09-21 18:30:35,377 - openkimtests.Test.FCCLattice - DEBUG - Recieved a calculator access call
2011-09-21 18:30:35,377 - openkimtests.potential - DEBUG - Recieved a potential.load call
2011-09-21 18:30:35,378 - openkimtests.potential - DEBUG - potentialname: model_Ar_P_MLJ_C found
2011-09-21 18:30:35,378 - openkimtests.potential - DEBUG - element 'Ar' found
2011-09-21 18:30:35,415 - openkimtests.db.XMLWriter - DEBUG - XMLWriter called.
2011-09-21 18:30:35,415 - openkimtests.pipeline.runtest - INFO - Computed results, obtained: {'FCCLatticeConstant': 5.3475585937500059, 'FCCEnergyPerAtom': -0.054854356999999999}

2011-09-21 18:30:35,416 - openkimtests.pipeline.run_tests - INFO - Element 'Ar' Run took 1.2985780239105225 seconds
2011-09-21 18:30:35,416 - openkimtests.pipeline.run_tests - INFO - Potential 'model_Ar_P_MLJ_C' run took 1.2987549304962158 seconds
2011-09-21 18:30:35,416 - openkimtests.pipeline.run_tests - INFO - 
Running potential='model_Ne_P_MLJ_NEIGH_RVEC_F'
2011-09-21 18:30:35,416 - openkimtests.pipeline.run_tests - INFO - 
Running element='Ne'
2011-09-21 18:30:35,416 - openkimtests.pipeline.runtest - INFO - 
About to run a test, test='FCCLattice',potential='model_Ne_P_MLJ_NEIGH_RVEC_F',element='Ne'
2011-09-21 18:30:35,416 - openkimtests.pipeline.runtest - INFO - Attempting to load the test
2011-09-21 18:30:35,416 - openkimtests.pipeline.runtest - INFO - Creating a test instance
2011-09-21 18:30:35,417 - openkimtests.Test.FCCLattice - DEBUG - Recieved a main method call
2011-09-21 18:30:35,417 - openkimtests.Test.FCCLattice - DEBUG - Recieved a calculator access call
2011-09-21 18:30:35,417 - openkimtests.potential - DEBUG - Recieved a potential.load call
2011-09-21 18:30:35,417 - openkimtests.potential - DEBUG - potentialname: model_Ne_P_MLJ_NEIGH_RVEC_F found
2011-09-21 18:30:35,417 - openkimtests.potential - DEBUG - element 'Ne' found
2011-09-21 18:30:35,457 - openkimtests.Test.FCCLattice - DEBUG - Recieved a calculator access call
2011-09-21 18:30:35,458 - openkimtests.potential - DEBUG - Recieved a potential.load call
2011-09-21 18:30:35,458 - openkimtests.potential - DEBUG - potentialname: model_Ne_P_MLJ_NEIGH_RVEC_F found
2011-09-21 18:30:35,459 - openkimtests.potential - DEBUG - element 'Ne' found
2011-09-21 18:30:35,484 - openkimtests.Test.FCCLattice - DEBUG - Recieved a calculator access call
2011-09-21 18:30:35,485 - openkimtests.potential - DEBUG - Recieved a potential.load call
2011-09-21 18:30:35,485 - openkimtests.potential - DEBUG - potentialname: model_Ne_P_MLJ_NEIGH_RVEC_F found
2011-09-21 18:30:35,485 - openkimtests.potential - DEBUG - element 'Ne' found
2011-09-21 18:30:35,507 - openkimtests.Test.FCCLattice - DEBUG - Recieved a calculator access call
2011-09-21 18:30:35,507 - openkimtests.potential - DEBUG - Recieved a potential.load call
2011-09-21 18:30:35,508 - openkimtests.potential - DEBUG - potentialname: model_Ne_P_MLJ_NEIGH_RVEC_F found
2011-09-21 18:30:35,508 - openkimtests.potential - DEBUG - element 'Ne' found
2011-09-21 18:30:35,537 - openkimtests.Test.FCCLattice - DEBUG - Recieved a calculator access call
2011-09-21 18:30:35,538 - openkimtests.potential - DEBUG - Recieved a potential.load call
2011-09-21 18:30:35,538 - openkimtests.potential - DEBUG - potentialname: model_Ne_P_MLJ_NEIGH_RVEC_F found
2011-09-21 18:30:35,539 - openkimtests.potential - DEBUG - element 'Ne' found
2011-09-21 18:30:35,564 - openkimtests.Test.FCCLattice - DEBUG - Recieved a calculator access call
2011-09-21 18:30:35,564 - openkimtests.potential - DEBUG - Recieved a potential.load call
2011-09-21 18:30:35,565 - openkimtests.potential - DEBUG - potentialname: model_Ne_P_MLJ_NEIGH_RVEC_F found
2011-09-21 18:30:35,565 - openkimtests.potential - DEBUG - element 'Ne' found
2011-09-21 18:30:35,597 - openkimtests.Test.FCCLattice - DEBUG - Recieved a calculator access call
2011-09-21 18:30:35,598 - openkimtests.potential - DEBUG - Recieved a potential.load call
2011-09-21 18:30:35,599 - openkimtests.potential - DEBUG - potentialname: model_Ne_P_MLJ_NEIGH_RVEC_F found
2011-09-21 18:30:35,599 - openkimtests.potential - DEBUG - element 'Ne' found
2011-09-21 18:30:35,647 - openkimtests.Test.FCCLattice - DEBUG - Recieved a calculator access call
2011-09-21 18:30:35,648 - openkimtests.potential - DEBUG - Recieved a potential.load call
2011-09-21 18:30:35,648 - openkimtests.potential - DEBUG - potentialname: model_Ne_P_MLJ_NEIGH_RVEC_F found
2011-09-21 18:30:35,648 - openkimtests.potential - DEBUG - element 'Ne' found
2011-09-21 18:30:35,693 - openkimtests.Test.FCCLattice - DEBUG - Recieved a calculator access call
2011-09-21 18:30:35,693 - openkimtests.potential - DEBUG - Recieved a potential.load call
2011-09-21 18:30:35,694 - openkimtests.potential - DEBUG - potentialname: model_Ne_P_MLJ_NEIGH_RVEC_F found
2011-09-21 18:30:35,694 - openkimtests.potential - DEBUG - element 'Ne' found
2011-09-21 18:30:35,734 - openkimtests.Test.FCCLattice - DEBUG - Recieved a calculator access call
2011-09-21 18:30:35,734 - openkimtests.potential - DEBUG - Recieved a potential.load call
2011-09-21 18:30:35,735 - openkimtests.potential - DEBUG - potentialname: model_Ne_P_MLJ_NEIGH_RVEC_F found
2011-09-21 18:30:35,735 - openkimtests.potential - DEBUG - element 'Ne' found
2011-09-21 18:30:35,769 - openkimtests.Test.FCCLattice - DEBUG - Recieved a calculator access call
2011-09-21 18:30:35,769 - openkimtests.potential - DEBUG - Recieved a potential.load call
2011-09-21 18:30:35,770 - openkimtests.potential - DEBUG - potentialname: model_Ne_P_MLJ_NEIGH_RVEC_F found
2011-09-21 18:30:35,770 - openkimtests.potential - DEBUG - element 'Ne' found
2011-09-21 18:30:35,807 - openkimtests.Test.FCCLattice - DEBUG - Recieved a calculator access call
2011-09-21 18:30:35,813 - openkimtests.potential - DEBUG - Recieved a potential.load call
2011-09-21 18:30:35,814 - openkimtests.potential - DEBUG - potentialname: model_Ne_P_MLJ_NEIGH_RVEC_F found
2011-09-21 18:30:35,814 - openkimtests.potential - DEBUG - element 'Ne' found
2011-09-21 18:30:35,856 - openkimtests.Test.FCCLattice - DEBUG - Recieved a calculator access call
2011-09-21 18:30:35,856 - openkimtests.potential - DEBUG - Recieved a potential.load call
2011-09-21 18:30:35,857 - openkimtests.potential - DEBUG - potentialname: model_Ne_P_MLJ_NEIGH_RVEC_F found
2011-09-21 18:30:35,857 - openkimtests.potential - DEBUG - element 'Ne' found
2011-09-21 18:30:35,887 - openkimtests.Test.FCCLattice - DEBUG - Recieved a calculator access call
2011-09-21 18:30:35,888 - openkimtests.potential - DEBUG - Recieved a potential.load call
2011-09-21 18:30:35,888 - openkimtests.potential - DEBUG - potentialname: model_Ne_P_MLJ_NEIGH_RVEC_F found
2011-09-21 18:30:35,888 - openkimtests.potential - DEBUG - element 'Ne' found
2011-09-21 18:30:35,904 - openkimtests.Test.FCCLattice - DEBUG - Recieved a calculator access call
2011-09-21 18:30:35,904 - openkimtests.potential - DEBUG - Recieved a potential.load call
2011-09-21 18:30:35,904 - openkimtests.potential - DEBUG - potentialname: model_Ne_P_MLJ_NEIGH_RVEC_F found
2011-09-21 18:30:35,904 - openkimtests.potential - DEBUG - element 'Ne' found
2011-09-21 18:30:35,935 - openkimtests.Test.FCCLattice - DEBUG - Recieved a calculator access call
2011-09-21 18:30:35,935 - openkimtests.potential - DEBUG - Recieved a potential.load call
2011-09-21 18:30:35,935 - openkimtests.potential - DEBUG - potentialname: model_Ne_P_MLJ_NEIGH_RVEC_F found
2011-09-21 18:30:35,936 - openkimtests.potential - DEBUG - element 'Ne' found
2011-09-21 18:30:35,974 - openkimtests.Test.FCCLattice - DEBUG - Recieved a calculator access call
2011-09-21 18:30:35,975 - openkimtests.potential - DEBUG - Recieved a potential.load call
2011-09-21 18:30:35,975 - openkimtests.potential - DEBUG - potentialname: model_Ne_P_MLJ_NEIGH_RVEC_F found
2011-09-21 18:30:35,975 - openkimtests.potential - DEBUG - element 'Ne' found
2011-09-21 18:30:36,023 - openkimtests.Test.FCCLattice - DEBUG - Recieved a calculator access call
2011-09-21 18:30:36,024 - openkimtests.potential - DEBUG - Recieved a potential.load call
2011-09-21 18:30:36,024 - openkimtests.potential - DEBUG - potentialname: model_Ne_P_MLJ_NEIGH_RVEC_F found
2011-09-21 18:30:36,025 - openkimtests.potential - DEBUG - element 'Ne' found
2011-09-21 18:30:36,069 - openkimtests.Test.FCCLattice - DEBUG - Recieved a calculator access call
2011-09-21 18:30:36,070 - openkimtests.potential - DEBUG - Recieved a potential.load call
2011-09-21 18:30:36,070 - openkimtests.potential - DEBUG - potentialname: model_Ne_P_MLJ_NEIGH_RVEC_F found
2011-09-21 18:30:36,071 - openkimtests.potential - DEBUG - element 'Ne' found
2011-09-21 18:30:36,108 - openkimtests.Test.FCCLattice - DEBUG - Recieved a calculator access call
2011-09-21 18:30:36,108 - openkimtests.potential - DEBUG - Recieved a potential.load call
2011-09-21 18:30:36,108 - openkimtests.potential - DEBUG - potentialname: model_Ne_P_MLJ_NEIGH_RVEC_F found
2011-09-21 18:30:36,108 - openkimtests.potential - DEBUG - element 'Ne' found
2011-09-21 18:30:36,145 - openkimtests.Test.FCCLattice - DEBUG - Recieved a calculator access call
2011-09-21 18:30:36,146 - openkimtests.potential - DEBUG - Recieved a potential.load call
2011-09-21 18:30:36,146 - openkimtests.potential - DEBUG - potentialname: model_Ne_P_MLJ_NEIGH_RVEC_F found
2011-09-21 18:30:36,147 - openkimtests.potential - DEBUG - element 'Ne' found
2011-09-21 18:30:36,191 - openkimtests.Test.FCCLattice - DEBUG - Recieved a calculator access call
2011-09-21 18:30:36,194 - openkimtests.potential - DEBUG - Recieved a potential.load call
2011-09-21 18:30:36,194 - openkimtests.potential - DEBUG - potentialname: model_Ne_P_MLJ_NEIGH_RVEC_F found
2011-09-21 18:30:36,195 - openkimtests.potential - DEBUG - element 'Ne' found
2011-09-21 18:30:36,228 - openkimtests.Test.FCCLattice - DEBUG - Recieved a calculator access call
2011-09-21 18:30:36,228 - openkimtests.potential - DEBUG - Recieved a potential.load call
2011-09-21 18:30:36,229 - openkimtests.potential - DEBUG - potentialname: model_Ne_P_MLJ_NEIGH_RVEC_F found
2011-09-21 18:30:36,229 - openkimtests.potential - DEBUG - element 'Ne' found
2011-09-21 18:30:36,274 - openkimtests.Test.FCCLattice - DEBUG - Recieved a calculator access call
2011-09-21 18:30:36,275 - openkimtests.potential - DEBUG - Recieved a potential.load call
2011-09-21 18:30:36,275 - openkimtests.potential - DEBUG - potentialname: model_Ne_P_MLJ_NEIGH_RVEC_F found
2011-09-21 18:30:36,276 - openkimtests.potential - DEBUG - element 'Ne' found
2011-09-21 18:30:36,308 - openkimtests.Test.FCCLattice - DEBUG - Recieved a calculator access call
2011-09-21 18:30:36,308 - openkimtests.potential - DEBUG - Recieved a potential.load call
2011-09-21 18:30:36,308 - openkimtests.potential - DEBUG - potentialname: model_Ne_P_MLJ_NEIGH_RVEC_F found
2011-09-21 18:30:36,308 - openkimtests.potential - DEBUG - element 'Ne' found
2011-09-21 18:30:36,336 - openkimtests.Test.FCCLattice - DEBUG - Recieved a calculator access call
2011-09-21 18:30:36,336 - openkimtests.potential - DEBUG - Recieved a potential.load call
2011-09-21 18:30:36,337 - openkimtests.potential - DEBUG - potentialname: model_Ne_P_MLJ_NEIGH_RVEC_F found
2011-09-21 18:30:36,337 - openkimtests.potential - DEBUG - element 'Ne' found
2011-09-21 18:30:36,357 - openkimtests.Test.FCCLattice - DEBUG - Recieved a calculator access call
2011-09-21 18:30:36,357 - openkimtests.potential - DEBUG - Recieved a potential.load call
2011-09-21 18:30:36,357 - openkimtests.potential - DEBUG - potentialname: model_Ne_P_MLJ_NEIGH_RVEC_F found
2011-09-21 18:30:36,357 - openkimtests.potential - DEBUG - element 'Ne' found
2011-09-21 18:30:36,378 - openkimtests.Test.FCCLattice - DEBUG - Recieved a calculator access call
2011-09-21 18:30:36,378 - openkimtests.potential - DEBUG - Recieved a potential.load call
2011-09-21 18:30:36,378 - openkimtests.potential - DEBUG - potentialname: model_Ne_P_MLJ_NEIGH_RVEC_F found
2011-09-21 18:30:36,378 - openkimtests.potential - DEBUG - element 'Ne' found
2011-09-21 18:30:36,415 - openkimtests.Test.FCCLattice - DEBUG - Recieved a calculator access call
2011-09-21 18:30:36,415 - openkimtests.potential - DEBUG - Recieved a potential.load call
2011-09-21 18:30:36,415 - openkimtests.potential - DEBUG - potentialname: model_Ne_P_MLJ_NEIGH_RVEC_F found
2011-09-21 18:30:36,416 - openkimtests.potential - DEBUG - element 'Ne' found
2011-09-21 18:30:36,432 - openkimtests.Test.FCCLattice - DEBUG - Recieved a calculator access call
2011-09-21 18:30:36,433 - openkimtests.potential - DEBUG - Recieved a potential.load call
2011-09-21 18:30:36,433 - openkimtests.potential - DEBUG - potentialname: model_Ne_P_MLJ_NEIGH_RVEC_F found
2011-09-21 18:30:36,433 - openkimtests.potential - DEBUG - element 'Ne' found
2011-09-21 18:30:36,471 - openkimtests.Test.FCCLattice - DEBUG - Recieved a calculator access call
2011-09-21 18:30:36,472 - openkimtests.potential - DEBUG - Recieved a potential.load call
2011-09-21 18:30:36,472 - openkimtests.potential - DEBUG - potentialname: model_Ne_P_MLJ_NEIGH_RVEC_F found
2011-09-21 18:30:36,473 - openkimtests.potential - DEBUG - element 'Ne' found
2011-09-21 18:30:36,514 - openkimtests.Test.FCCLattice - DEBUG - Recieved a calculator access call
2011-09-21 18:30:36,514 - openkimtests.potential - DEBUG - Recieved a potential.load call
2011-09-21 18:30:36,514 - openkimtests.potential - DEBUG - potentialname: model_Ne_P_MLJ_NEIGH_RVEC_F found
2011-09-21 18:30:36,514 - openkimtests.potential - DEBUG - element 'Ne' found
2011-09-21 18:30:36,538 - openkimtests.Test.FCCLattice - DEBUG - Recieved a calculator access call
2011-09-21 18:30:36,539 - openkimtests.potential - DEBUG - Recieved a potential.load call
2011-09-21 18:30:36,539 - openkimtests.potential - DEBUG - potentialname: model_Ne_P_MLJ_NEIGH_RVEC_F found
2011-09-21 18:30:36,540 - openkimtests.potential - DEBUG - element 'Ne' found
2011-09-21 18:30:36,570 - openkimtests.Test.FCCLattice - DEBUG - Recieved a calculator access call
2011-09-21 18:30:36,571 - openkimtests.potential - DEBUG - Recieved a potential.load call
2011-09-21 18:30:36,571 - openkimtests.potential - DEBUG - potentialname: model_Ne_P_MLJ_NEIGH_RVEC_F found
2011-09-21 18:30:36,572 - openkimtests.potential - DEBUG - element 'Ne' found
2011-09-21 18:30:36,606 - openkimtests.Test.FCCLattice - DEBUG - Recieved a calculator access call
2011-09-21 18:30:36,606 - openkimtests.potential - DEBUG - Recieved a potential.load call
2011-09-21 18:30:36,606 - openkimtests.potential - DEBUG - potentialname: model_Ne_P_MLJ_NEIGH_RVEC_F found
2011-09-21 18:30:36,606 - openkimtests.potential - DEBUG - element 'Ne' found
2011-09-21 18:30:36,643 - openkimtests.db.XMLWriter - DEBUG - XMLWriter called.
2011-09-21 18:30:36,646 - openkimtests.pipeline.runtest - INFO - Computed results, obtained: {'FCCLatticeConstant': 3.0, 'FCCEnergyPerAtom': 0.0}

2011-09-21 18:30:36,646 - openkimtests.pipeline.run_tests - INFO - Element 'Ne' Run took 1.2303569316864014 seconds
2011-09-21 18:30:36,647 - openkimtests.pipeline.run_tests - INFO - Potential 'model_Ne_P_MLJ_NEIGH_RVEC_F' run took 1.2309420108795166 seconds
2011-09-21 18:30:36,647 - openkimtests.pipeline.run_tests - INFO - 
Running potential='model_Ar_P_MLJ_F90'
2011-09-21 18:30:36,648 - openkimtests.pipeline.run_tests - INFO - 
Running element='Ar'
2011-09-21 18:30:36,648 - openkimtests.pipeline.runtest - INFO - 
About to run a test, test='FCCLattice',potential='model_Ar_P_MLJ_F90',element='Ar'
2011-09-21 18:30:36,655 - openkimtests.pipeline.runtest - INFO - Attempting to load the test
2011-09-21 18:30:36,655 - openkimtests.pipeline.runtest - INFO - Creating a test instance
2011-09-21 18:30:36,656 - openkimtests.Test.FCCLattice - DEBUG - Recieved a main method call
2011-09-21 18:30:36,657 - openkimtests.Test.FCCLattice - DEBUG - Recieved a calculator access call
2011-09-21 18:30:36,657 - openkimtests.potential - DEBUG - Recieved a potential.load call
2011-09-21 18:30:36,658 - openkimtests.potential - DEBUG - potentialname: model_Ar_P_MLJ_F90 found
2011-09-21 18:30:36,658 - openkimtests.potential - DEBUG - element 'Ar' found
2011-09-21 18:30:36,685 - openkimtests.Test.FCCLattice - DEBUG - Recieved a calculator access call
2011-09-21 18:30:36,686 - openkimtests.potential - DEBUG - Recieved a potential.load call
2011-09-21 18:30:36,686 - openkimtests.potential - DEBUG - potentialname: model_Ar_P_MLJ_F90 found
2011-09-21 18:30:36,687 - openkimtests.potential - DEBUG - element 'Ar' found
2011-09-21 18:30:36,709 - openkimtests.Test.FCCLattice - DEBUG - Recieved a calculator access call
2011-09-21 18:30:36,710 - openkimtests.potential - DEBUG - Recieved a potential.load call
2011-09-21 18:30:36,710 - openkimtests.potential - DEBUG - potentialname: model_Ar_P_MLJ_F90 found
2011-09-21 18:30:36,710 - openkimtests.potential - DEBUG - element 'Ar' found
2011-09-21 18:30:36,739 - openkimtests.Test.FCCLattice - DEBUG - Recieved a calculator access call
2011-09-21 18:30:36,739 - openkimtests.potential - DEBUG - Recieved a potential.load call
2011-09-21 18:30:36,740 - openkimtests.potential - DEBUG - potentialname: model_Ar_P_MLJ_F90 found
2011-09-21 18:30:36,740 - openkimtests.potential - DEBUG - element 'Ar' found
2011-09-21 18:30:36,785 - openkimtests.Test.FCCLattice - DEBUG - Recieved a calculator access call
2011-09-21 18:30:36,785 - openkimtests.potential - DEBUG - Recieved a potential.load call
2011-09-21 18:30:36,786 - openkimtests.potential - DEBUG - potentialname: model_Ar_P_MLJ_F90 found
2011-09-21 18:30:36,786 - openkimtests.potential - DEBUG - element 'Ar' found
2011-09-21 18:30:36,811 - openkimtests.Test.FCCLattice - DEBUG - Recieved a calculator access call
2011-09-21 18:30:36,812 - openkimtests.potential - DEBUG - Recieved a potential.load call
2011-09-21 18:30:36,812 - openkimtests.potential - DEBUG - potentialname: model_Ar_P_MLJ_F90 found
2011-09-21 18:30:36,813 - openkimtests.potential - DEBUG - element 'Ar' found
2011-09-21 18:30:36,856 - openkimtests.Test.FCCLattice - DEBUG - Recieved a calculator access call
2011-09-21 18:30:36,856 - openkimtests.potential - DEBUG - Recieved a potential.load call
2011-09-21 18:30:36,857 - openkimtests.potential - DEBUG - potentialname: model_Ar_P_MLJ_F90 found
2011-09-21 18:30:36,857 - openkimtests.potential - DEBUG - element 'Ar' found
2011-09-21 18:30:36,910 - openkimtests.Test.FCCLattice - DEBUG - Recieved a calculator access call
2011-09-21 18:30:36,911 - openkimtests.potential - DEBUG - Recieved a potential.load call
2011-09-21 18:30:36,911 - openkimtests.potential - DEBUG - potentialname: model_Ar_P_MLJ_F90 found
2011-09-21 18:30:36,912 - openkimtests.potential - DEBUG - element 'Ar' found
2011-09-21 18:30:36,954 - openkimtests.Test.FCCLattice - DEBUG - Recieved a calculator access call
2011-09-21 18:30:36,955 - openkimtests.potential - DEBUG - Recieved a potential.load call
2011-09-21 18:30:36,955 - openkimtests.potential - DEBUG - potentialname: model_Ar_P_MLJ_F90 found
2011-09-21 18:30:36,956 - openkimtests.potential - DEBUG - element 'Ar' found
2011-09-21 18:30:36,984 - openkimtests.Test.FCCLattice - DEBUG - Recieved a calculator access call
2011-09-21 18:30:36,984 - openkimtests.potential - DEBUG - Recieved a potential.load call
2011-09-21 18:30:36,985 - openkimtests.potential - DEBUG - potentialname: model_Ar_P_MLJ_F90 found
2011-09-21 18:30:36,985 - openkimtests.potential - DEBUG - element 'Ar' found
2011-09-21 18:30:37,089 - openkimtests.Test.FCCLattice - DEBUG - Recieved a calculator access call
2011-09-21 18:30:37,090 - openkimtests.potential - DEBUG - Recieved a potential.load call
2011-09-21 18:30:37,090 - openkimtests.potential - DEBUG - potentialname: model_Ar_P_MLJ_F90 found
2011-09-21 18:30:37,091 - openkimtests.potential - DEBUG - element 'Ar' found
2011-09-21 18:30:37,124 - openkimtests.Test.FCCLattice - DEBUG - Recieved a calculator access call
2011-09-21 18:30:37,124 - openkimtests.potential - DEBUG - Recieved a potential.load call
2011-09-21 18:30:37,124 - openkimtests.potential - DEBUG - potentialname: model_Ar_P_MLJ_F90 found
2011-09-21 18:30:37,124 - openkimtests.potential - DEBUG - element 'Ar' found
2011-09-21 18:30:37,140 - openkimtests.Test.FCCLattice - DEBUG - Recieved a calculator access call
2011-09-21 18:30:37,140 - openkimtests.potential - DEBUG - Recieved a potential.load call
2011-09-21 18:30:37,140 - openkimtests.potential - DEBUG - potentialname: model_Ar_P_MLJ_F90 found
2011-09-21 18:30:37,140 - openkimtests.potential - DEBUG - element 'Ar' found
2011-09-21 18:30:37,158 - openkimtests.Test.FCCLattice - DEBUG - Recieved a calculator access call
2011-09-21 18:30:37,159 - openkimtests.potential - DEBUG - Recieved a potential.load call
2011-09-21 18:30:37,160 - openkimtests.potential - DEBUG - potentialname: model_Ar_P_MLJ_F90 found
2011-09-21 18:30:37,160 - openkimtests.potential - DEBUG - element 'Ar' found
2011-09-21 18:30:37,183 - openkimtests.Test.FCCLattice - DEBUG - Recieved a calculator access call
2011-09-21 18:30:37,183 - openkimtests.potential - DEBUG - Recieved a potential.load call
2011-09-21 18:30:37,183 - openkimtests.potential - DEBUG - potentialname: model_Ar_P_MLJ_F90 found
2011-09-21 18:30:37,183 - openkimtests.potential - DEBUG - element 'Ar' found
2011-09-21 18:30:37,228 - openkimtests.Test.FCCLattice - DEBUG - Recieved a calculator access call
2011-09-21 18:30:37,228 - openkimtests.potential - DEBUG - Recieved a potential.load call
2011-09-21 18:30:37,229 - openkimtests.potential - DEBUG - potentialname: model_Ar_P_MLJ_F90 found
2011-09-21 18:30:37,229 - openkimtests.potential - DEBUG - element 'Ar' found
2011-09-21 18:30:37,250 - openkimtests.Test.FCCLattice - DEBUG - Recieved a calculator access call
2011-09-21 18:30:37,251 - openkimtests.potential - DEBUG - Recieved a potential.load call
2011-09-21 18:30:37,251 - openkimtests.potential - DEBUG - potentialname: model_Ar_P_MLJ_F90 found
2011-09-21 18:30:37,251 - openkimtests.potential - DEBUG - element 'Ar' found
2011-09-21 18:30:37,287 - openkimtests.Test.FCCLattice - DEBUG - Recieved a calculator access call
2011-09-21 18:30:37,287 - openkimtests.potential - DEBUG - Recieved a potential.load call
2011-09-21 18:30:37,288 - openkimtests.potential - DEBUG - potentialname: model_Ar_P_MLJ_F90 found
2011-09-21 18:30:37,288 - openkimtests.potential - DEBUG - element 'Ar' found
2011-09-21 18:30:37,310 - openkimtests.Test.FCCLattice - DEBUG - Recieved a calculator access call
2011-09-21 18:30:37,310 - openkimtests.potential - DEBUG - Recieved a potential.load call
2011-09-21 18:30:37,310 - openkimtests.potential - DEBUG - potentialname: model_Ar_P_MLJ_F90 found
2011-09-21 18:30:37,310 - openkimtests.potential - DEBUG - element 'Ar' found
2011-09-21 18:30:37,323 - openkimtests.Test.FCCLattice - DEBUG - Recieved a calculator access call
2011-09-21 18:30:37,324 - openkimtests.potential - DEBUG - Recieved a potential.load call
2011-09-21 18:30:37,324 - openkimtests.potential - DEBUG - potentialname: model_Ar_P_MLJ_F90 found
2011-09-21 18:30:37,324 - openkimtests.potential - DEBUG - element 'Ar' found
2011-09-21 18:30:37,342 - openkimtests.Test.FCCLattice - DEBUG - Recieved a calculator access call
2011-09-21 18:30:37,342 - openkimtests.potential - DEBUG - Recieved a potential.load call
2011-09-21 18:30:37,342 - openkimtests.potential - DEBUG - potentialname: model_Ar_P_MLJ_F90 found
2011-09-21 18:30:37,342 - openkimtests.potential - DEBUG - element 'Ar' found
2011-09-21 18:30:37,361 - openkimtests.Test.FCCLattice - DEBUG - Recieved a calculator access call
2011-09-21 18:30:37,361 - openkimtests.potential - DEBUG - Recieved a potential.load call
2011-09-21 18:30:37,361 - openkimtests.potential - DEBUG - potentialname: model_Ar_P_MLJ_F90 found
2011-09-21 18:30:37,362 - openkimtests.potential - DEBUG - element 'Ar' found
2011-09-21 18:30:37,407 - openkimtests.Test.FCCLattice - DEBUG - Recieved a calculator access call
2011-09-21 18:30:37,408 - openkimtests.potential - DEBUG - Recieved a potential.load call
2011-09-21 18:30:37,408 - openkimtests.potential - DEBUG - potentialname: model_Ar_P_MLJ_F90 found
2011-09-21 18:30:37,408 - openkimtests.potential - DEBUG - element 'Ar' found
2011-09-21 18:30:37,432 - openkimtests.Test.FCCLattice - DEBUG - Recieved a calculator access call
2011-09-21 18:30:37,432 - openkimtests.potential - DEBUG - Recieved a potential.load call
2011-09-21 18:30:37,432 - openkimtests.potential - DEBUG - potentialname: model_Ar_P_MLJ_F90 found
2011-09-21 18:30:37,432 - openkimtests.potential - DEBUG - element 'Ar' found
2011-09-21 18:30:37,447 - openkimtests.Test.FCCLattice - DEBUG - Recieved a calculator access call
2011-09-21 18:30:37,448 - openkimtests.potential - DEBUG - Recieved a potential.load call
2011-09-21 18:30:37,448 - openkimtests.potential - DEBUG - potentialname: model_Ar_P_MLJ_F90 found
2011-09-21 18:30:37,448 - openkimtests.potential - DEBUG - element 'Ar' found
2011-09-21 18:30:37,467 - openkimtests.Test.FCCLattice - DEBUG - Recieved a calculator access call
2011-09-21 18:30:37,467 - openkimtests.potential - DEBUG - Recieved a potential.load call
2011-09-21 18:30:37,467 - openkimtests.potential - DEBUG - potentialname: model_Ar_P_MLJ_F90 found
2011-09-21 18:30:37,467 - openkimtests.potential - DEBUG - element 'Ar' found
2011-09-21 18:30:37,496 - openkimtests.Test.FCCLattice - DEBUG - Recieved a calculator access call
2011-09-21 18:30:37,496 - openkimtests.potential - DEBUG - Recieved a potential.load call
2011-09-21 18:30:37,497 - openkimtests.potential - DEBUG - potentialname: model_Ar_P_MLJ_F90 found
2011-09-21 18:30:37,497 - openkimtests.potential - DEBUG - element 'Ar' found
2011-09-21 18:30:37,527 - openkimtests.Test.FCCLattice - DEBUG - Recieved a calculator access call
2011-09-21 18:30:37,528 - openkimtests.potential - DEBUG - Recieved a potential.load call
2011-09-21 18:30:37,528 - openkimtests.potential - DEBUG - potentialname: model_Ar_P_MLJ_F90 found
2011-09-21 18:30:37,529 - openkimtests.potential - DEBUG - element 'Ar' found
2011-09-21 18:30:37,555 - openkimtests.Test.FCCLattice - DEBUG - Recieved a calculator access call
2011-09-21 18:30:37,556 - openkimtests.potential - DEBUG - Recieved a potential.load call
2011-09-21 18:30:37,556 - openkimtests.potential - DEBUG - potentialname: model_Ar_P_MLJ_F90 found
2011-09-21 18:30:37,556 - openkimtests.potential - DEBUG - element 'Ar' found
2011-09-21 18:30:37,588 - openkimtests.Test.FCCLattice - DEBUG - Recieved a calculator access call
2011-09-21 18:30:37,589 - openkimtests.potential - DEBUG - Recieved a potential.load call
2011-09-21 18:30:37,589 - openkimtests.potential - DEBUG - potentialname: model_Ar_P_MLJ_F90 found
2011-09-21 18:30:37,590 - openkimtests.potential - DEBUG - element 'Ar' found
2011-09-21 18:30:37,626 - openkimtests.Test.FCCLattice - DEBUG - Recieved a calculator access call
2011-09-21 18:30:37,626 - openkimtests.potential - DEBUG - Recieved a potential.load call
2011-09-21 18:30:37,627 - openkimtests.potential - DEBUG - potentialname: model_Ar_P_MLJ_F90 found
2011-09-21 18:30:37,627 - openkimtests.potential - DEBUG - element 'Ar' found
2011-09-21 18:30:37,665 - openkimtests.Test.FCCLattice - DEBUG - Recieved a calculator access call
2011-09-21 18:30:37,665 - openkimtests.potential - DEBUG - Recieved a potential.load call
2011-09-21 18:30:37,665 - openkimtests.potential - DEBUG - potentialname: model_Ar_P_MLJ_F90 found
2011-09-21 18:30:37,665 - openkimtests.potential - DEBUG - element 'Ar' found
2011-09-21 18:30:37,696 - openkimtests.Test.FCCLattice - DEBUG - Recieved a calculator access call
2011-09-21 18:30:37,697 - openkimtests.potential - DEBUG - Recieved a potential.load call
2011-09-21 18:30:37,697 - openkimtests.potential - DEBUG - potentialname: model_Ar_P_MLJ_F90 found
2011-09-21 18:30:37,698 - openkimtests.potential - DEBUG - element 'Ar' found
2011-09-21 18:30:37,736 - openkimtests.Test.FCCLattice - DEBUG - Recieved a calculator access call
2011-09-21 18:30:37,736 - openkimtests.potential - DEBUG - Recieved a potential.load call
2011-09-21 18:30:37,736 - openkimtests.potential - DEBUG - potentialname: model_Ar_P_MLJ_F90 found
2011-09-21 18:30:37,737 - openkimtests.potential - DEBUG - element 'Ar' found
2011-09-21 18:30:37,773 - openkimtests.Test.FCCLattice - DEBUG - Recieved a calculator access call
2011-09-21 18:30:37,774 - openkimtests.potential - DEBUG - Recieved a potential.load call
2011-09-21 18:30:37,774 - openkimtests.potential - DEBUG - potentialname: model_Ar_P_MLJ_F90 found
2011-09-21 18:30:37,775 - openkimtests.potential - DEBUG - element 'Ar' found
2011-09-21 18:30:37,809 - openkimtests.Test.FCCLattice - DEBUG - Recieved a calculator access call
2011-09-21 18:30:37,810 - openkimtests.potential - DEBUG - Recieved a potential.load call
2011-09-21 18:30:37,810 - openkimtests.potential - DEBUG - potentialname: model_Ar_P_MLJ_F90 found
2011-09-21 18:30:37,810 - openkimtests.potential - DEBUG - element 'Ar' found
2011-09-21 18:30:37,845 - openkimtests.db.XMLWriter - DEBUG - XMLWriter called.
2011-09-21 18:30:37,853 - openkimtests.pipeline.runtest - INFO - Computed results, obtained: {'FCCLatticeConstant': 5.3475585937500059, 'FCCEnergyPerAtom': -0.054854356999999999}

2011-09-21 18:30:37,854 - openkimtests.pipeline.run_tests - INFO - Element 'Ar' Run took 1.2057600021362305 seconds
2011-09-21 18:30:37,854 - openkimtests.pipeline.run_tests - INFO - Potential 'model_Ar_P_MLJ_F90' run took 1.206380844116211 seconds
2011-09-21 18:30:37,855 - openkimtests.pipeline.run_tests - INFO - 
Running potential='EMT'
2011-09-21 18:30:37,855 - openkimtests.pipeline.run_tests - INFO - Test 'FCCLattice','EMT','Ni' exists
2011-09-21 18:30:37,856 - openkimtests.pipeline.run_tests - INFO - Unessesary test 'FCCLattice','EMT','Ni'
2011-09-21 18:30:37,856 - openkimtests.pipeline.run_tests - INFO - Test 'FCCLattice','EMT','C' exists
2011-09-21 18:30:37,857 - openkimtests.pipeline.run_tests - INFO - Unessesary test 'FCCLattice','EMT','C'
2011-09-21 18:30:37,857 - openkimtests.pipeline.run_tests - INFO - Test 'FCCLattice','EMT','Pt' exists
2011-09-21 18:30:37,858 - openkimtests.pipeline.run_tests - INFO - Unessesary test 'FCCLattice','EMT','Pt'
2011-09-21 18:30:37,858 - openkimtests.pipeline.run_tests - INFO - Test 'FCCLattice','EMT','Ag' exists
2011-09-21 18:30:37,859 - openkimtests.pipeline.run_tests - INFO - Unessesary test 'FCCLattice','EMT','Ag'
2011-09-21 18:30:37,859 - openkimtests.pipeline.run_tests - INFO - Test 'FCCLattice','EMT','H' exists
2011-09-21 18:30:37,860 - openkimtests.pipeline.run_tests - INFO - Unessesary test 'FCCLattice','EMT','H'
2011-09-21 18:30:37,860 - openkimtests.pipeline.run_tests - INFO - Test 'FCCLattice','EMT','Al' exists
2011-09-21 18:30:37,861 - openkimtests.pipeline.run_tests - INFO - Unessesary test 'FCCLattice','EMT','Al'
2011-09-21 18:30:37,861 - openkimtests.pipeline.run_tests - INFO - Test 'FCCLattice','EMT','O' exists
2011-09-21 18:30:37,862 - openkimtests.pipeline.run_tests - INFO - Unessesary test 'FCCLattice','EMT','O'
2011-09-21 18:30:37,862 - openkimtests.pipeline.run_tests - INFO - Test 'FCCLattice','EMT','N' exists
2011-09-21 18:30:37,863 - openkimtests.pipeline.run_tests - INFO - Unessesary test 'FCCLattice','EMT','N'
2011-09-21 18:30:37,863 - openkimtests.pipeline.run_tests - INFO - Test 'FCCLattice','EMT','Au' exists
2011-09-21 18:30:37,864 - openkimtests.pipeline.run_tests - INFO - Unessesary test 'FCCLattice','EMT','Au'
2011-09-21 18:30:37,864 - openkimtests.pipeline.run_tests - INFO - Test 'FCCLattice','EMT','Pd' exists
2011-09-21 18:30:37,865 - openkimtests.pipeline.run_tests - INFO - Unessesary test 'FCCLattice','EMT','Pd'
2011-09-21 18:30:37,865 - openkimtests.pipeline.run_tests - INFO - Test 'FCCLattice','EMT','Cu' exists
2011-09-21 18:30:37,866 - openkimtests.pipeline.run_tests - INFO - Unessesary test 'FCCLattice','EMT','Cu'
2011-09-21 18:30:37,866 - openkimtests.pipeline.run_tests - INFO - Potential 'EMT' run took 0.010797977447509766 seconds
2011-09-21 18:30:37,866 - openkimtests.pipeline.run_tests - INFO - 
Running potential='model_Ar_P_MMorse'
2011-09-21 18:30:37,867 - openkimtests.pipeline.run_tests - INFO - 
Running element='Ar'
2011-09-21 18:30:37,867 - openkimtests.pipeline.runtest - INFO - 
About to run a test, test='FCCLattice',potential='model_Ar_P_MMorse',element='Ar'
2011-09-21 18:30:37,868 - openkimtests.pipeline.runtest - INFO - Attempting to load the test
2011-09-21 18:30:37,868 - openkimtests.pipeline.runtest - INFO - Creating a test instance
2011-09-21 18:30:37,869 - openkimtests.Test.FCCLattice - DEBUG - Recieved a main method call
2011-09-21 18:30:37,870 - openkimtests.Test.FCCLattice - DEBUG - Recieved a calculator access call
2011-09-21 18:30:37,870 - openkimtests.potential - DEBUG - Recieved a potential.load call
2011-09-21 18:30:37,871 - openkimtests.potential - DEBUG - potentialname: model_Ar_P_MMorse found
2011-09-21 18:30:37,871 - openkimtests.potential - DEBUG - element 'Ar' found
2011-09-21 18:30:37,894 - openkimtests.Test.FCCLattice - DEBUG - Recieved a calculator access call
2011-09-21 18:30:37,895 - openkimtests.potential - DEBUG - Recieved a potential.load call
2011-09-21 18:30:37,895 - openkimtests.potential - DEBUG - potentialname: model_Ar_P_MMorse found
2011-09-21 18:30:37,895 - openkimtests.potential - DEBUG - element 'Ar' found
2011-09-21 18:30:37,916 - openkimtests.Test.FCCLattice - DEBUG - Recieved a calculator access call
2011-09-21 18:30:37,916 - openkimtests.potential - DEBUG - Recieved a potential.load call
2011-09-21 18:30:37,916 - openkimtests.potential - DEBUG - potentialname: model_Ar_P_MMorse found
2011-09-21 18:30:37,916 - openkimtests.potential - DEBUG - element 'Ar' found
2011-09-21 18:30:37,959 - openkimtests.Test.FCCLattice - DEBUG - Recieved a calculator access call
2011-09-21 18:30:37,959 - openkimtests.potential - DEBUG - Recieved a potential.load call
2011-09-21 18:30:37,959 - openkimtests.potential - DEBUG - potentialname: model_Ar_P_MMorse found
2011-09-21 18:30:37,959 - openkimtests.potential - DEBUG - element 'Ar' found
2011-09-21 18:30:37,998 - openkimtests.Test.FCCLattice - DEBUG - Recieved a calculator access call
2011-09-21 18:30:37,999 - openkimtests.potential - DEBUG - Recieved a potential.load call
2011-09-21 18:30:37,999 - openkimtests.potential - DEBUG - potentialname: model_Ar_P_MMorse found
2011-09-21 18:30:38,000 - openkimtests.potential - DEBUG - element 'Ar' found
2011-09-21 18:30:38,026 - openkimtests.Test.FCCLattice - DEBUG - Recieved a calculator access call
2011-09-21 18:30:38,027 - openkimtests.potential - DEBUG - Recieved a potential.load call
2011-09-21 18:30:38,027 - openkimtests.potential - DEBUG - potentialname: model_Ar_P_MMorse found
2011-09-21 18:30:38,028 - openkimtests.potential - DEBUG - element 'Ar' found
2011-09-21 18:30:38,069 - openkimtests.Test.FCCLattice - DEBUG - Recieved a calculator access call
2011-09-21 18:30:38,069 - openkimtests.potential - DEBUG - Recieved a potential.load call
2011-09-21 18:30:38,069 - openkimtests.potential - DEBUG - potentialname: model_Ar_P_MMorse found
2011-09-21 18:30:38,069 - openkimtests.potential - DEBUG - element 'Ar' found
2011-09-21 18:30:38,097 - openkimtests.Test.FCCLattice - DEBUG - Recieved a calculator access call
2011-09-21 18:30:38,098 - openkimtests.potential - DEBUG - Recieved a potential.load call
2011-09-21 18:30:38,099 - openkimtests.potential - DEBUG - potentialname: model_Ar_P_MMorse found
2011-09-21 18:30:38,099 - openkimtests.potential - DEBUG - element 'Ar' found
2011-09-21 18:30:38,138 - openkimtests.Test.FCCLattice - DEBUG - Recieved a calculator access call
2011-09-21 18:30:38,138 - openkimtests.potential - DEBUG - Recieved a potential.load call
2011-09-21 18:30:38,139 - openkimtests.potential - DEBUG - potentialname: model_Ar_P_MMorse found
2011-09-21 18:30:38,139 - openkimtests.potential - DEBUG - element 'Ar' found
2011-09-21 18:30:38,185 - openkimtests.Test.FCCLattice - DEBUG - Recieved a calculator access call
2011-09-21 18:30:38,185 - openkimtests.potential - DEBUG - Recieved a potential.load call
2011-09-21 18:30:38,186 - openkimtests.potential - DEBUG - potentialname: model_Ar_P_MMorse found
2011-09-21 18:30:38,186 - openkimtests.potential - DEBUG - element 'Ar' found
2011-09-21 18:30:38,227 - openkimtests.Test.FCCLattice - DEBUG - Recieved a calculator access call
2011-09-21 18:30:38,228 - openkimtests.potential - DEBUG - Recieved a potential.load call
2011-09-21 18:30:38,228 - openkimtests.potential - DEBUG - potentialname: model_Ar_P_MMorse found
2011-09-21 18:30:38,229 - openkimtests.potential - DEBUG - element 'Ar' found
2011-09-21 18:30:38,264 - openkimtests.Test.FCCLattice - DEBUG - Recieved a calculator access call
2011-09-21 18:30:38,264 - openkimtests.potential - DEBUG - Recieved a potential.load call
2011-09-21 18:30:38,264 - openkimtests.potential - DEBUG - potentialname: model_Ar_P_MMorse found
2011-09-21 18:30:38,265 - openkimtests.potential - DEBUG - element 'Ar' found
2011-09-21 18:30:38,282 - openkimtests.Test.FCCLattice - DEBUG - Recieved a calculator access call
2011-09-21 18:30:38,283 - openkimtests.potential - DEBUG - Recieved a potential.load call
2011-09-21 18:30:38,283 - openkimtests.potential - DEBUG - potentialname: model_Ar_P_MMorse found
2011-09-21 18:30:38,283 - openkimtests.potential - DEBUG - element 'Ar' found
2011-09-21 18:30:38,304 - openkimtests.Test.FCCLattice - DEBUG - Recieved a calculator access call
2011-09-21 18:30:38,304 - openkimtests.potential - DEBUG - Recieved a potential.load call
2011-09-21 18:30:38,304 - openkimtests.potential - DEBUG - potentialname: model_Ar_P_MMorse found
2011-09-21 18:30:38,304 - openkimtests.potential - DEBUG - element 'Ar' found
2011-09-21 18:30:38,329 - openkimtests.Test.FCCLattice - DEBUG - Recieved a calculator access call
2011-09-21 18:30:38,330 - openkimtests.potential - DEBUG - Recieved a potential.load call
2011-09-21 18:30:38,330 - openkimtests.potential - DEBUG - potentialname: model_Ar_P_MMorse found
2011-09-21 18:30:38,330 - openkimtests.potential - DEBUG - element 'Ar' found
2011-09-21 18:30:38,352 - openkimtests.Test.FCCLattice - DEBUG - Recieved a calculator access call
2011-09-21 18:30:38,352 - openkimtests.potential - DEBUG - Recieved a potential.load call
2011-09-21 18:30:38,352 - openkimtests.potential - DEBUG - potentialname: model_Ar_P_MMorse found
2011-09-21 18:30:38,352 - openkimtests.potential - DEBUG - element 'Ar' found
2011-09-21 18:30:38,369 - openkimtests.Test.FCCLattice - DEBUG - Recieved a calculator access call
2011-09-21 18:30:38,369 - openkimtests.potential - DEBUG - Recieved a potential.load call
2011-09-21 18:30:38,369 - openkimtests.potential - DEBUG - potentialname: model_Ar_P_MMorse found
2011-09-21 18:30:38,369 - openkimtests.potential - DEBUG - element 'Ar' found
2011-09-21 18:30:38,395 - openkimtests.Test.FCCLattice - DEBUG - Recieved a calculator access call
2011-09-21 18:30:38,396 - openkimtests.potential - DEBUG - Recieved a potential.load call
2011-09-21 18:30:38,396 - openkimtests.potential - DEBUG - potentialname: model_Ar_P_MMorse found
2011-09-21 18:30:38,397 - openkimtests.potential - DEBUG - element 'Ar' found
2011-09-21 18:30:38,443 - openkimtests.Test.FCCLattice - DEBUG - Recieved a calculator access call
2011-09-21 18:30:38,444 - openkimtests.potential - DEBUG - Recieved a potential.load call
2011-09-21 18:30:38,445 - openkimtests.potential - DEBUG - potentialname: model_Ar_P_MMorse found
2011-09-21 18:30:38,445 - openkimtests.potential - DEBUG - element 'Ar' found
2011-09-21 18:30:38,484 - openkimtests.Test.FCCLattice - DEBUG - Recieved a calculator access call
2011-09-21 18:30:38,484 - openkimtests.potential - DEBUG - Recieved a potential.load call
2011-09-21 18:30:38,484 - openkimtests.potential - DEBUG - potentialname: model_Ar_P_MMorse found
2011-09-21 18:30:38,485 - openkimtests.potential - DEBUG - element 'Ar' found
2011-09-21 18:30:38,508 - openkimtests.Test.FCCLattice - DEBUG - Recieved a calculator access call
2011-09-21 18:30:38,508 - openkimtests.potential - DEBUG - Recieved a potential.load call
2011-09-21 18:30:38,508 - openkimtests.potential - DEBUG - potentialname: model_Ar_P_MMorse found
2011-09-21 18:30:38,508 - openkimtests.potential - DEBUG - element 'Ar' found
2011-09-21 18:30:38,538 - openkimtests.Test.FCCLattice - DEBUG - Recieved a calculator access call
2011-09-21 18:30:38,539 - openkimtests.potential - DEBUG - Recieved a potential.load call
2011-09-21 18:30:38,539 - openkimtests.potential - DEBUG - potentialname: model_Ar_P_MMorse found
2011-09-21 18:30:38,539 - openkimtests.potential - DEBUG - element 'Ar' found
2011-09-21 18:30:38,576 - openkimtests.Test.FCCLattice - DEBUG - Recieved a calculator access call
2011-09-21 18:30:38,576 - openkimtests.potential - DEBUG - Recieved a potential.load call
2011-09-21 18:30:38,576 - openkimtests.potential - DEBUG - potentialname: model_Ar_P_MMorse found
2011-09-21 18:30:38,576 - openkimtests.potential - DEBUG - element 'Ar' found
2011-09-21 18:30:38,613 - openkimtests.Test.FCCLattice - DEBUG - Recieved a calculator access call
2011-09-21 18:30:38,614 - openkimtests.potential - DEBUG - Recieved a potential.load call
2011-09-21 18:30:38,615 - openkimtests.potential - DEBUG - potentialname: model_Ar_P_MMorse found
2011-09-21 18:30:38,615 - openkimtests.potential - DEBUG - element 'Ar' found
2011-09-21 18:30:38,648 - openkimtests.Test.FCCLattice - DEBUG - Recieved a calculator access call
2011-09-21 18:30:38,648 - openkimtests.potential - DEBUG - Recieved a potential.load call
2011-09-21 18:30:38,648 - openkimtests.potential - DEBUG - potentialname: model_Ar_P_MMorse found
2011-09-21 18:30:38,648 - openkimtests.potential - DEBUG - element 'Ar' found
2011-09-21 18:30:38,676 - openkimtests.Test.FCCLattice - DEBUG - Recieved a calculator access call
2011-09-21 18:30:38,676 - openkimtests.potential - DEBUG - Recieved a potential.load call
2011-09-21 18:30:38,676 - openkimtests.potential - DEBUG - potentialname: model_Ar_P_MMorse found
2011-09-21 18:30:38,676 - openkimtests.potential - DEBUG - element 'Ar' found
2011-09-21 18:30:38,708 - openkimtests.Test.FCCLattice - DEBUG - Recieved a calculator access call
2011-09-21 18:30:38,708 - openkimtests.potential - DEBUG - Recieved a potential.load call
2011-09-21 18:30:38,708 - openkimtests.potential - DEBUG - potentialname: model_Ar_P_MMorse found
2011-09-21 18:30:38,708 - openkimtests.potential - DEBUG - element 'Ar' found
2011-09-21 18:30:38,738 - openkimtests.Test.FCCLattice - DEBUG - Recieved a calculator access call
2011-09-21 18:30:38,739 - openkimtests.potential - DEBUG - Recieved a potential.load call
2011-09-21 18:30:38,739 - openkimtests.potential - DEBUG - potentialname: model_Ar_P_MMorse found
2011-09-21 18:30:38,739 - openkimtests.potential - DEBUG - element 'Ar' found
2011-09-21 18:30:38,776 - openkimtests.Test.FCCLattice - DEBUG - Recieved a calculator access call
2011-09-21 18:30:38,776 - openkimtests.potential - DEBUG - Recieved a potential.load call
2011-09-21 18:30:38,776 - openkimtests.potential - DEBUG - potentialname: model_Ar_P_MMorse found
2011-09-21 18:30:38,777 - openkimtests.potential - DEBUG - element 'Ar' found
2011-09-21 18:30:38,811 - openkimtests.Test.FCCLattice - DEBUG - Recieved a calculator access call
2011-09-21 18:30:38,812 - openkimtests.potential - DEBUG - Recieved a potential.load call
2011-09-21 18:30:38,812 - openkimtests.potential - DEBUG - potentialname: model_Ar_P_MMorse found
2011-09-21 18:30:38,812 - openkimtests.potential - DEBUG - element 'Ar' found
2011-09-21 18:30:38,856 - openkimtests.Test.FCCLattice - DEBUG - Recieved a calculator access call
2011-09-21 18:30:38,857 - openkimtests.potential - DEBUG - Recieved a potential.load call
2011-09-21 18:30:38,857 - openkimtests.potential - DEBUG - potentialname: model_Ar_P_MMorse found
2011-09-21 18:30:38,857 - openkimtests.potential - DEBUG - element 'Ar' found
2011-09-21 18:30:38,897 - openkimtests.Test.FCCLattice - DEBUG - Recieved a calculator access call
2011-09-21 18:30:38,898 - openkimtests.potential - DEBUG - Recieved a potential.load call
2011-09-21 18:30:38,898 - openkimtests.potential - DEBUG - potentialname: model_Ar_P_MMorse found
2011-09-21 18:30:38,898 - openkimtests.potential - DEBUG - element 'Ar' found
2011-09-21 18:30:38,934 - openkimtests.Test.FCCLattice - DEBUG - Recieved a calculator access call
2011-09-21 18:30:38,935 - openkimtests.potential - DEBUG - Recieved a potential.load call
2011-09-21 18:30:38,935 - openkimtests.potential - DEBUG - potentialname: model_Ar_P_MMorse found
2011-09-21 18:30:38,936 - openkimtests.potential - DEBUG - element 'Ar' found
2011-09-21 18:30:38,983 - openkimtests.Test.FCCLattice - DEBUG - Recieved a calculator access call
2011-09-21 18:30:38,984 - openkimtests.potential - DEBUG - Recieved a potential.load call
2011-09-21 18:30:38,985 - openkimtests.potential - DEBUG - potentialname: model_Ar_P_MMorse found
2011-09-21 18:30:38,985 - openkimtests.potential - DEBUG - element 'Ar' found
2011-09-21 18:30:39,025 - openkimtests.Test.FCCLattice - DEBUG - Recieved a calculator access call
2011-09-21 18:30:39,026 - openkimtests.potential - DEBUG - Recieved a potential.load call
2011-09-21 18:30:39,026 - openkimtests.potential - DEBUG - potentialname: model_Ar_P_MMorse found
2011-09-21 18:30:39,026 - openkimtests.potential - DEBUG - element 'Ar' found
2011-09-21 18:30:39,042 - openkimtests.Test.FCCLattice - DEBUG - Recieved a calculator access call
2011-09-21 18:30:39,042 - openkimtests.potential - DEBUG - Recieved a potential.load call
2011-09-21 18:30:39,042 - openkimtests.potential - DEBUG - potentialname: model_Ar_P_MMorse found
2011-09-21 18:30:39,042 - openkimtests.potential - DEBUG - element 'Ar' found
2011-09-21 18:30:39,075 - openkimtests.db.XMLWriter - DEBUG - XMLWriter called.
2011-09-21 18:30:39,077 - openkimtests.pipeline.runtest - INFO - Computed results, obtained: {'FCCLatticeConstant': 5.2804687500000043, 'FCCEnergyPerAtom': -0.083048629999999998}

2011-09-21 18:30:39,078 - openkimtests.pipeline.run_tests - INFO - Element 'Ar' Run took 1.211319923400879 seconds
2011-09-21 18:30:39,079 - openkimtests.pipeline.run_tests - INFO - Potential 'model_Ar_P_MMorse' run took 1.211911916732788 seconds
2011-09-21 18:30:39,079 - openkimtests.pipeline.run_tests - INFO - Test 'FCCLattice' run took 1.2124700546264648 seconds
2011-09-21 18:30:39,080 - openkimtests.pipeline.run_tests - INFO - Full Run took 7.02676796913147 seconds
2011-09-21 18:30:42,133 - openkimtests - INFO - BEGINNING RUN
2011-09-21 18:30:42,134 - openkimtests.db - DEBUG - Initializing Database
2011-09-21 18:30:42,265 - openkimtests.potential - INFO - Building available kim models
2011-09-21 18:30:42,266 - openkimtests.pipeline.run_tests - INFO - 
Launching all tests
2011-09-21 18:30:42,266 - openkimtests.pipeline.run_tests - INFO - 
Running tests for test='FCCLattice'
2011-09-21 18:30:42,266 - openkimtests.pipeline.run_tests - INFO - 
Running potential='model_Al_PF_ErcolessiAdams'
2011-09-21 18:30:42,266 - openkimtests.pipeline.run_tests - INFO - Test 'FCCLattice','model_Al_PF_ErcolessiAdams','Al' exists
2011-09-21 18:30:42,266 - openkimtests.pipeline.run_tests - INFO - Unessesary test 'FCCLattice','model_Al_PF_ErcolessiAdams','Al'
2011-09-21 18:30:42,266 - openkimtests.pipeline.run_tests - INFO - Potential 'model_Al_PF_ErcolessiAdams' run took 0.00019407272338867188 seconds
2011-09-21 18:30:42,267 - openkimtests.pipeline.run_tests - INFO - 
Running potential='ASAP'
2011-09-21 18:30:42,267 - openkimtests.pipeline.run_tests - INFO - Test 'FCCLattice','ASAP','Ni' exists
2011-09-21 18:30:42,267 - openkimtests.pipeline.run_tests - INFO - Unessesary test 'FCCLattice','ASAP','Ni'
2011-09-21 18:30:42,267 - openkimtests.pipeline.run_tests - INFO - Test 'FCCLattice','ASAP','Ag' exists
2011-09-21 18:30:42,267 - openkimtests.pipeline.run_tests - INFO - Unessesary test 'FCCLattice','ASAP','Ag'
2011-09-21 18:30:42,267 - openkimtests.pipeline.run_tests - INFO - Test 'FCCLattice','ASAP','Pt' exists
2011-09-21 18:30:42,267 - openkimtests.pipeline.run_tests - INFO - Unessesary test 'FCCLattice','ASAP','Pt'
2011-09-21 18:30:42,267 - openkimtests.pipeline.run_tests - INFO - Test 'FCCLattice','ASAP','Au' exists
2011-09-21 18:30:42,267 - openkimtests.pipeline.run_tests - INFO - Unessesary test 'FCCLattice','ASAP','Au'
2011-09-21 18:30:42,267 - openkimtests.pipeline.run_tests - INFO - Test 'FCCLattice','ASAP','Pd' exists
2011-09-21 18:30:42,267 - openkimtests.pipeline.run_tests - INFO - Unessesary test 'FCCLattice','ASAP','Pd'
2011-09-21 18:30:42,267 - openkimtests.pipeline.run_tests - INFO - Test 'FCCLattice','ASAP','Cu' exists
2011-09-21 18:30:42,268 - openkimtests.pipeline.run_tests - INFO - Unessesary test 'FCCLattice','ASAP','Cu'
2011-09-21 18:30:42,268 - openkimtests.pipeline.run_tests - INFO - Potential 'ASAP' run took 0.0010209083557128906 seconds
2011-09-21 18:30:42,268 - openkimtests.pipeline.run_tests - INFO - 
Running potential='model_Ne_P_LJ_NEIGH_PURE_H'
2011-09-21 18:30:42,268 - openkimtests.pipeline.run_tests - INFO - Test 'FCCLattice','model_Ne_P_LJ_NEIGH_PURE_H','Ne' exists
2011-09-21 18:30:42,268 - openkimtests.pipeline.run_tests - INFO - Unessesary test 'FCCLattice','model_Ne_P_LJ_NEIGH_PURE_H','Ne'
2011-09-21 18:30:42,268 - openkimtests.pipeline.run_tests - INFO - Potential 'model_Ne_P_LJ_NEIGH_PURE_H' run took 0.00017499923706054688 seconds
2011-09-21 18:30:42,268 - openkimtests.pipeline.run_tests - INFO - 
Running potential='model_Ar_P_MLJ_C'
2011-09-21 18:30:42,268 - openkimtests.pipeline.run_tests - INFO - Test 'FCCLattice','model_Ar_P_MLJ_C','Ar' exists
2011-09-21 18:30:42,268 - openkimtests.pipeline.run_tests - INFO - Unessesary test 'FCCLattice','model_Ar_P_MLJ_C','Ar'
2011-09-21 18:30:42,268 - openkimtests.pipeline.run_tests - INFO - Potential 'model_Ar_P_MLJ_C' run took 0.0001728534698486328 seconds
2011-09-21 18:30:42,268 - openkimtests.pipeline.run_tests - INFO - 
Running potential='model_Ne_P_MLJ_NEIGH_RVEC_F'
2011-09-21 18:30:42,268 - openkimtests.pipeline.run_tests - INFO - Test 'FCCLattice','model_Ne_P_MLJ_NEIGH_RVEC_F','Ne' exists
2011-09-21 18:30:42,269 - openkimtests.pipeline.run_tests - INFO - Unessesary test 'FCCLattice','model_Ne_P_MLJ_NEIGH_RVEC_F','Ne'
2011-09-21 18:30:42,269 - openkimtests.pipeline.run_tests - INFO - Potential 'model_Ne_P_MLJ_NEIGH_RVEC_F' run took 0.00017499923706054688 seconds
2011-09-21 18:30:42,269 - openkimtests.pipeline.run_tests - INFO - 
Running potential='model_Ar_P_MLJ_F90'
2011-09-21 18:30:42,269 - openkimtests.pipeline.run_tests - INFO - Test 'FCCLattice','model_Ar_P_MLJ_F90','Ar' exists
2011-09-21 18:30:42,269 - openkimtests.pipeline.run_tests - INFO - Unessesary test 'FCCLattice','model_Ar_P_MLJ_F90','Ar'
2011-09-21 18:30:42,269 - openkimtests.pipeline.run_tests - INFO - Potential 'model_Ar_P_MLJ_F90' run took 0.00017309188842773438 seconds
2011-09-21 18:30:42,269 - openkimtests.pipeline.run_tests - INFO - 
Running potential='EMT'
2011-09-21 18:30:42,269 - openkimtests.pipeline.run_tests - INFO - Test 'FCCLattice','EMT','Ni' exists
2011-09-21 18:30:42,269 - openkimtests.pipeline.run_tests - INFO - Unessesary test 'FCCLattice','EMT','Ni'
2011-09-21 18:30:42,269 - openkimtests.pipeline.run_tests - INFO - Test 'FCCLattice','EMT','C' exists
2011-09-21 18:30:42,269 - openkimtests.pipeline.run_tests - INFO - Unessesary test 'FCCLattice','EMT','C'
2011-09-21 18:30:42,269 - openkimtests.pipeline.run_tests - INFO - Test 'FCCLattice','EMT','Pt' exists
2011-09-21 18:30:42,270 - openkimtests.pipeline.run_tests - INFO - Unessesary test 'FCCLattice','EMT','Pt'
2011-09-21 18:30:42,270 - openkimtests.pipeline.run_tests - INFO - Test 'FCCLattice','EMT','Ag' exists
2011-09-21 18:30:42,270 - openkimtests.pipeline.run_tests - INFO - Unessesary test 'FCCLattice','EMT','Ag'
2011-09-21 18:30:42,270 - openkimtests.pipeline.run_tests - INFO - Test 'FCCLattice','EMT','H' exists
2011-09-21 18:30:42,270 - openkimtests.pipeline.run_tests - INFO - Unessesary test 'FCCLattice','EMT','H'
2011-09-21 18:30:42,270 - openkimtests.pipeline.run_tests - INFO - Test 'FCCLattice','EMT','Al' exists
2011-09-21 18:30:42,270 - openkimtests.pipeline.run_tests - INFO - Unessesary test 'FCCLattice','EMT','Al'
2011-09-21 18:30:42,270 - openkimtests.pipeline.run_tests - INFO - Test 'FCCLattice','EMT','O' exists
2011-09-21 18:30:42,270 - openkimtests.pipeline.run_tests - INFO - Unessesary test 'FCCLattice','EMT','O'
2011-09-21 18:30:42,270 - openkimtests.pipeline.run_tests - INFO - Test 'FCCLattice','EMT','N' exists
2011-09-21 18:30:42,270 - openkimtests.pipeline.run_tests - INFO - Unessesary test 'FCCLattice','EMT','N'
2011-09-21 18:30:42,270 - openkimtests.pipeline.run_tests - INFO - Test 'FCCLattice','EMT','Au' exists
2011-09-21 18:30:42,271 - openkimtests.pipeline.run_tests - INFO - Unessesary test 'FCCLattice','EMT','Au'
2011-09-21 18:30:42,271 - openkimtests.pipeline.run_tests - INFO - Test 'FCCLattice','EMT','Pd' exists
2011-09-21 18:30:42,271 - openkimtests.pipeline.run_tests - INFO - Unessesary test 'FCCLattice','EMT','Pd'
2011-09-21 18:30:42,271 - openkimtests.pipeline.run_tests - INFO - Test 'FCCLattice','EMT','Cu' exists
2011-09-21 18:30:42,271 - openkimtests.pipeline.run_tests - INFO - Unessesary test 'FCCLattice','EMT','Cu'
2011-09-21 18:30:42,271 - openkimtests.pipeline.run_tests - INFO - Potential 'EMT' run took 0.0019178390502929688 seconds
2011-09-21 18:30:42,271 - openkimtests.pipeline.run_tests - INFO - 
Running potential='model_Ar_P_MMorse'
2011-09-21 18:30:42,271 - openkimtests.pipeline.run_tests - INFO - Test 'FCCLattice','model_Ar_P_MMorse','Ar' exists
2011-09-21 18:30:42,271 - openkimtests.pipeline.run_tests - INFO - Unessesary test 'FCCLattice','model_Ar_P_MMorse','Ar'
2011-09-21 18:30:42,271 - openkimtests.pipeline.run_tests - INFO - Potential 'model_Ar_P_MMorse' run took 0.0002009868621826172 seconds
2011-09-21 18:30:42,271 - openkimtests.pipeline.run_tests - INFO - Test 'FCCLattice' run took 0.005258083343505859 seconds
2011-09-21 18:30:42,272 - openkimtests.pipeline.run_tests - INFO - Full Run took 0.005418062210083008 seconds
