<<<<<<< HEAD
<?xml version="1.0" ?>
<test id="FCCLattice"><config><potential>EMT</potential><element>Pd</element></config><results><FCCLatticeConstant>3.87897949219</FCCLatticeConstant><FCCEnergyPerAtom>-0.00020165263135</FCCEnergyPerAtom></results></test>
=======
Namespace(TestDependencies=[], element='Pd', potential='EMT', verify=False, write=True)
<?xml version="1.0" ?>
<test id="FCCLattice">
	<config>
		<potential>
			EMT
		</potential>
		<element>
			Pd
		</element>
	</config>
	<results>
		<FCCLatticeConstant>
			3.87897949219
		</FCCLatticeConstant>
		<FCCEnergyPerAtom>
			-0.00020165263135
		</FCCEnergyPerAtom>
	</results>
</test>

>>>>>>> 7f7a357dfd92375f1ed7a931ee153cdf61d8a4c0
