<<<<<<< HEAD
<?xml version="1.0" ?>
<test id="FCCLattice"><config><potential>EMT</potential><element>Pt</element></config><results><FCCLatticeConstant>3.92182617188</FCCLatticeConstant><FCCEnergyPerAtom>-0.000133761087724</FCCEnergyPerAtom></results></test>
=======
Namespace(TestDependencies=[], element='Pt', potential='EMT', verify=False, write=True)
<?xml version="1.0" ?>
<test id="FCCLattice">
	<config>
		<potential>
			EMT
		</potential>
		<element>
			Pt
		</element>
	</config>
	<results>
		<FCCLatticeConstant>
			3.92182617188
		</FCCLatticeConstant>
		<FCCEnergyPerAtom>
			-0.000133761087724
		</FCCEnergyPerAtom>
	</results>
</test>

>>>>>>> 7f7a357dfd92375f1ed7a931ee153cdf61d8a4c0
