<<<<<<< HEAD
<?xml version="1.0" ?>
<test id="FCCLattice"><config><potential>EMT</potential><element>Au</element></config><results><FCCLatticeConstant>4.05615234375</FCCLatticeConstant><FCCEnergyPerAtom>-0.000134968560271</FCCEnergyPerAtom></results></test>
=======
Namespace(TestDependencies=[], element='Au', potential='EMT', verify=False, write=True)
<?xml version="1.0" ?>
<test id="FCCLattice">
	<config>
		<potential>
			EMT
		</potential>
		<element>
			Au
		</element>
	</config>
	<results>
		<FCCLatticeConstant>
			4.05615234375
		</FCCLatticeConstant>
		<FCCEnergyPerAtom>
			-0.000134968560271
		</FCCEnergyPerAtom>
	</results>
</test>

>>>>>>> 7f7a357dfd92375f1ed7a931ee153cdf61d8a4c0
