<<<<<<< HEAD
<?xml version="1.0" ?>
<test id="FCCLattice"><config><potential>EMT</potential><element>Ag</element></config><results><FCCLatticeConstant>4.06354980469</FCCLatticeConstant><FCCEnergyPerAtom>-0.000366507058306</FCCEnergyPerAtom></results></test>
=======
Namespace(TestDependencies=[], element='Ag', potential='EMT', verify=False, write=True)
<?xml version="1.0" ?>
<test id="FCCLattice">
	<config>
		<potential>
			EMT
		</potential>
		<element>
			Ag
		</element>
	</config>
	<results>
		<FCCLatticeConstant>
			4.06354980469
		</FCCLatticeConstant>
		<FCCEnergyPerAtom>
			-0.000366507058306
		</FCCEnergyPerAtom>
	</results>
</test>

>>>>>>> 7f7a357dfd92375f1ed7a931ee153cdf61d8a4c0
