<<<<<<< HEAD
<?xml version="1.0" ?>
<test id="FCCLattice"><config><potential>EMT</potential><element>Ni</element></config><results><FCCLatticeConstant>3.49189453125</FCCLatticeConstant><FCCEnergyPerAtom>-0.00339569158193</FCCEnergyPerAtom></results></test>
=======
Namespace(TestDependencies=[], element='Ni', potential='EMT', verify=False, write=True)
<?xml version="1.0" ?>
<test id="FCCLattice">
	<config>
		<potential>
			EMT
		</potential>
		<element>
			Ni
		</element>
	</config>
	<results>
		<FCCLatticeConstant>
			3.49189453125
		</FCCLatticeConstant>
		<FCCEnergyPerAtom>
			-0.00339569158193
		</FCCEnergyPerAtom>
	</results>
</test>

>>>>>>> 7f7a357dfd92375f1ed7a931ee153cdf61d8a4c0
